MPASM 5.87                         EXO11.ASM   12-8-2021  8:26:13         PAGE  1


LOC  OBJECT CODE     LINE SOURCE TEXT
  VALUE

                      00001 #include "p18F45K20.inc"
                      00001         LIST
                      00002 
                      00003 ;==========================================================================
                      00004 ; Build date : Jan 06 2020
                      00005 ;  MPASM PIC18F45K20 processor include
                      00006 ; 
                      00007 ;  (c) Copyright 1999-2020 Microchip Technology, All rights reserved
                      00008 ;==========================================================================
                      00009 
                      01570         LIST
                      00002     ;*******************************************************************************
                      00003 ;                                                                              *
                      00004 ;    Microchip licenses this software to you solely for use with Microchip     *
                      00005 ;    products. The software is owned by Microchip and/or its licensors, and is *
                      00006 ;    protected under applicable copyright laws.  All rights reserved.          *
                      00007 ;                                                                              *
                      00008 ;    This software and any accompanying information is for suggestion only.    *
                      00009 ;    It shall not be deemed to modify Microchip?s standard warranty for its    *
                      00010 ;    products.  It is your responsibility to ensure that this software meets   *
                      00011 ;    your requirements.                                                        *
                      00012 ;                                                                              *
                      00013 ;    SOFTWARE IS PROVIDED "AS IS".  MICROCHIP AND ITS LICENSORS EXPRESSLY      *
                      00014 ;    DISCLAIM ANY WARRANTY OF ANY KIND, WHETHER EXPRESS OR IMPLIED, INCLUDING  *
                      00015 ;    BUT NOT LIMITED TO, THE IMPLIED WARRANTIES OF MERCHANTABILITY, FITNESS    *
                      00016 ;    FOR A PARTICULAR PURPOSE, OR NON-INFRINGEMENT. IN NO EVENT SHALL          *
                      00017 ;    MICROCHIP OR ITS LICENSORS BE LIABLE FOR ANY INCIDENTAL, SPECIAL,         *
                      00018 ;    INDIRECT OR CONSEQUENTIAL DAMAGES, LOST PROFITS OR LOST DATA, HARM TO     *
                      00019 ;    YOUR EQUIPMENT, COST OF PROCUREMENT OF SUBSTITUTE GOODS, TECHNOLOGY OR    *
                      00020 ;    SERVICES, ANY CLAIMS BY THIRD PARTIES (INCLUDING BUT NOT LIMITED TO ANY   *
                      00021 ;    DEFENSE THEREOF), ANY CLAIMS FOR INDEMNITY OR CONTRIBUTION, OR OTHER      *
                      00022 ;    SIMILAR COSTS.                                                            *
                      00023 ;                                                                              *
                      00024 ;    To the fullest extend allowed by law, Microchip and its licensors         *
                      00025 ;    liability shall not exceed the amount of fee, if any, that you have paid  *
                      00026 ;    directly to Microchip to use this software.                               *
                      00027 ;                                                                              *
                      00028 ;    MICROCHIP PROVIDES THIS SOFTWARE CONDITIONALLY UPON YOUR ACCEPTANCE OF    *
                      00029 ;    THESE TERMS.                                                              *
                      00030 ;                                                                              *
                      00031 ;*******************************************************************************
                      00032 ;                                                                              *
                      00033 ;    Filename:                                                                 *
                      00034 ;    Date:                                                                     *
                      00035 ;    File Version:                                                             *
                      00036 ;    Author:                                                                   *
                      00037 ;    Company:                                                                  *
                      00038 ;    Description:                                                              *
                      00039 ;                                                                              *
                      00040 ;*******************************************************************************
                      00041 ;                                                                              *
                      00042 ;    Notes: In the MPLAB X Help, refer to the MPASM Assembler documentation    *
                      00043 ;    for information on assembly instructions.                                 *
MPASM 5.87                         EXO11.ASM   12-8-2021  8:26:13         PAGE  2


LOC  OBJECT CODE     LINE SOURCE TEXT
  VALUE

                      00044 ;                                                                              *
                      00045 ;*******************************************************************************
                      00046 ;                                                                              *
                      00047 ;    Known Issues: This template is designed for relocatable code.  As such,   *
                      00048 ;    build errors such as "Directive only allowed when generating an object    *
                      00049 ;    file" will result when the 'Build in Absolute Mode' checkbox is selected  *
                      00050 ;    in the project properties.  Designing code in absolute mode is            *
                      00051 ;    antiquated - use relocatable mode.                                        *
                      00052 ;                                                                              *
                      00053 ;*******************************************************************************
                      00054 ;                                                                              *
                      00055 ;    Revision History:                                                         *
                      00056 ;                                                                              *
                      00057 ;*******************************************************************************
                      00058 
                      00059 
                      00060 
                      00061 ;*******************************************************************************
                      00062 ; Processor Inclusion
                      00063 ;
                      00064 ; TODO Step #1 Open the task list under Window > Tasks.  Include your
                      00065 ; device .inc file - e.g. #include <device_name>.inc.  Available
                      00066 ; include files are in C:\Program Files\Microchip\MPLABX\mpasmx
                      00067 ; assuming the default installation path for MPLAB X.  You may manually find
                      00068 ; the appropriate include file for your device here and include it, or
                      00069 ; simply copy the include generated by the configuration bits
                      00070 ; generator (see Step #2).
                      00071 ;
                      00072 ;*******************************************************************************
                      00073 
                      00074 ; TODO INSERT INCLUDE CODE HERE
                      00075 
                      00076 ;*******************************************************************************
                      00077 ;
                      00078 ; TODO Step #2 - Configuration Word Setup
                      00079 ;
                      00080 ; The 'CONFIG' directive is used to embed the configuration word within the
                      00081 ; .asm file. MPLAB X requires users to embed their configuration words
                      00082 ; into source code.  See the device datasheet for additional information
                      00083 ; on configuration word settings.  Device configuration bits descriptions
                      00084 ; are in C:\Program Files\Microchip\MPLABX\mpasmx\P<device_name>.inc
                      00085 ; (may change depending on your MPLAB X installation directory).
                      00086 ;
                      00087 ; MPLAB X has a feature which generates configuration bits source code.  Go to
                      00088 ; Window > PIC Memory Views > Configuration Bits.  Configure each field as
                      00089 ; needed and select 'Generate Source Code to Output'.  The resulting code which
                      00090 ; appears in the 'Output Window' > 'Config Bits Source' tab may be copied
                      00091 ; below.
                      00092 ;
                      00093 ;*******************************************************************************
                      00094 
                      00095 ; TODO INSERT CONFIG HERE
                      00096     
MPASM 5.87                         EXO11.ASM   12-8-2021  8:26:13         PAGE  3


LOC  OBJECT CODE     LINE SOURCE TEXT
  VALUE

                      00097 ; CONFIG1H
                      00098   CONFIG  FOSC = INTIO7         ; Oscillator Selection bits (Internal oscillator block, CLKOUT function 
                            on RA6, port function on RA7)
                      00099   CONFIG  FCMEN = OFF           ; Fail-Safe Clock Monitor Enable bit (Fail-Safe Clock Monitor disabled)
                      00100   CONFIG  IESO = OFF            ; Internal/External Oscillator Switchover bit (Oscillator Switchover mod
                            e disabled)
                      00101 
                      00102 ; CONFIG2L
                      00103   CONFIG  PWRT = OFF            ; Power-up Timer Enable bit (PWRT disabled)
                      00104   CONFIG  BOREN = SBORDIS       ; Brown-out Reset Enable bits (Brown-out Reset enabled in hardware only 
                            (SBOREN is disabled))
                      00105   CONFIG  BORV = 18             ; Brown Out Reset Voltage bits (VBOR set to 1.8 V nominal)
                      00106 
                      00107 ; CONFIG2H
                      00108   CONFIG  WDTEN = OFF           ; Watchdog Timer Enable bit (WDT is controlled by SWDTEN bit of the WDTC
                            ON register)
                      00109   CONFIG  WDTPS = 32768         ; Watchdog Timer Postscale Select bits (1:32768)
                      00110 
                      00111 ; CONFIG3H
                      00112   CONFIG  CCP2MX = PORTC        ; CCP2 MUX bit (CCP2 input/output is multiplexed with RC1)
                      00113   CONFIG  PBADEN = OFF           ; PORTB A/D Enable bit (PORTB<4:0> pins are configured as analog input 
                            channels on Reset)
                      00114   CONFIG  LPT1OSC = OFF         ; Low-Power Timer1 Oscillator Enable bit (Timer1 configured for higher p
                            ower operation)
                      00115   CONFIG  HFOFST = ON           ; HFINTOSC Fast Start-up (HFINTOSC starts clocking the CPU without waiti
                            ng for the oscillator to stablize.)
                      00116   CONFIG  MCLRE = ON            ; MCLR Pin Enable bit (MCLR pin enabled; RE3 input pin disabled)
                      00117 
                      00118 ; CONFIG4L
                      00119   CONFIG  STVREN = ON           ; Stack Full/Underflow Reset Enable bit (Stack full/underflow will cause
                             Reset)
                      00120   CONFIG  LVP = OFF             ; Single-Supply ICSP Enable bit (Single-Supply ICSP disabled)
                      00121   CONFIG  XINST = OFF           ; Extended Instruction Set Enable bit (Instruction set extension and Ind
                            exed Addressing mode disabled (Legacy mode))
                      00122 
                      00123 ; CONFIG5L
                      00124   CONFIG  CP0 = OFF             ; Code Protection Block 0 (Block 0 (000800-001FFFh) not code-protected)
                      00125   CONFIG  CP1 = OFF             ; Code Protection Block 1 (Block 1 (002000-003FFFh) not code-protected)
                      00126   CONFIG  CP2 = OFF             ; Code Protection Block 2 (Block 2 (004000-005FFFh) not code-protected)
                      00127   CONFIG  CP3 = OFF             ; Code Protection Block 3 (Block 3 (006000-007FFFh) not code-protected)
                      00128 
                      00129 ; CONFIG5H
                      00130   CONFIG  CPB = OFF             ; Boot Block Code Protection bit (Boot block (000000-0007FFh) not code-p
                            rotected)
                      00131   CONFIG  CPD = OFF             ; Data EEPROM Code Protection bit (Data EEPROM not code-protected)
                      00132 
                      00133 ; CONFIG6L
                      00134   CONFIG  WRT0 = OFF            ; Write Protection Block 0 (Block 0 (000800-001FFFh) not write-protected
                            )
                      00135   CONFIG  WRT1 = OFF            ; Write Protection Block 1 (Block 1 (002000-003FFFh) not write-protected
                            )
                      00136   CONFIG  WRT2 = OFF            ; Write Protection Block 2 (Block 2 (004000-005FFFh) not write-protected
                            )
MPASM 5.87                         EXO11.ASM   12-8-2021  8:26:13         PAGE  4


LOC  OBJECT CODE     LINE SOURCE TEXT
  VALUE

                      00137   CONFIG  WRT3 = OFF            ; Write Protection Block 3 (Block 3 (006000-007FFFh) not write-protected
                            )
                      00138 
                      00139 ; CONFIG6H
                      00140   CONFIG  WRTC = OFF            ; Configuration Register Write Protection bit (Configuration registers (
                            300000-3000FFh) not write-protected)
                      00141   CONFIG  WRTB = OFF            ; Boot Block Write Protection bit (Boot Block (000000-0007FFh) not write
                            -protected)
                      00142   CONFIG  WRTD = OFF            ; Data EEPROM Write Protection bit (Data EEPROM not write-protected)
                      00143 
                      00144 ; CONFIG7L
                      00145   CONFIG  EBTR0 = OFF           ; Table Read Protection Block 0 (Block 0 (000800-001FFFh) not protected 
                            from table reads executed in other blocks)
                      00146   CONFIG  EBTR1 = OFF           ; Table Read Protection Block 1 (Block 1 (002000-003FFFh) not protected 
                            from table reads executed in other blocks)
                      00147   CONFIG  EBTR2 = OFF           ; Table Read Protection Block 2 (Block 2 (004000-005FFFh) not protected 
                            from table reads executed in other blocks)
                      00148   CONFIG  EBTR3 = OFF           ; Table Read Protection Block 3 (Block 3 (006000-007FFFh) not protected 
                            from table reads executed in other blocks)
                      00149 
                      00150 ; CONFIG7H
                      00151   CONFIG  EBTRB = OFF           ; Boot Block Table Read Protection bit (Boot Block (000000-0007FFh) not 
                            protected from table reads executed in other blocks)
                      00152 
                      00153 ;*******************************************************************************
                      00154 ;
                      00155 ; TODO Step #3 - Variable Definitions
                      00156 ;
                      00157 ; Refer to datasheet for available data memory (RAM) organization assuming
                      00158 ; relocatible code organization (which is an option in project
                      00159 ; properties > mpasm (Global Options)).  Absolute mode generally should
                      00160 ; be used sparingly.
                      00161 ;
                      00162 ; Example of using GPR Uninitialized Data
                      00163 ;
                      00164 GPR_VAR        UDATA
Warning[207]: Found label after column 1. (var0)
000000                00165    var0         RES        1      ; User variable linker places
Warning[207]: Found label after column 1. (var1)
000001                00166    var1         RES        1      ; User variable linker places
Warning[207]: Found label after column 1. (var2)
000002                00167    var2         RES        1      ; User variable linker places
Warning[207]: Found label after column 1. (RESULTHI)
000003                00168     RESULTHI            RES        1      ; status used for context saving
Warning[207]: Found label after column 1. (RESULTLO)
000004                00169    RESULTLO             RES        1 
                      00170 ;
                      00171 ;   ; Example of using Access Uninitialized Data Section (when available)
                      00172 ;   ; The variables for the context saving in the device datasheet may need
                      00173 ;   ; memory reserved here.
Warning[207]: Found label after column 1. (INT_VAR)
                      00174    INT_VAR        UDATA_ACS
Warning[207]: Found label after column 1. (marche_arret)
MPASM 5.87                         EXO11.ASM   12-8-2021  8:26:13         PAGE  5


LOC  OBJECT CODE     LINE SOURCE TEXT
  VALUE

000000                00175    marche_arret         RES        1      ; w register for context saving (ACCESS)
                      00176      ; bank select used for ISR context saving
                      00177 ;
                      00178 ;*******************************************************************************
                      00179 
                      00180 ; TODO PLACE VARIABLE DEFINITIONS GO HERE
                      00181 
                      00182 ;*******************************************************************************
                      00183 ; Reset Vector
                      00184 ;*******************************************************************************
                      00185 
                      00186 RES_VECT  CODE    0x0000            ; processor reset vector
000000 EF?? F???      00187     GOTO    START1                   ; go to beginning of program
                      00188 
                      00189 ;*******************************************************************************
                      00190 ; TODO Step #4 - Interrupt Service Routines
                      00191 ;
                      00192 ; There are a few different ways to structure interrupt routines in the 8
                      00193 ; bit device families.  On PIC18's the high priority and low priority
                      00194 ; interrupts are located at 0x0008 and 0x0018, respectively.  On PIC16's and
                      00195 ; lower the interrupt is at 0x0004.  Between device families there is subtle
                      00196 ; variation in the both the hardware supporting the ISR (for restoring
                      00197 ; interrupt context) as well as the software used to restore the context
                      00198 ; (without corrupting the STATUS bits).
                      00199 ;
                      00200 ; General formats are shown below in relocatible format.
                      00201 ;
                      00202 ;------------------------------PIC16's and below--------------------------------
                      00203 ;
                      00204 ; ISR       CODE    0x0004           ; interrupt vector location
                      00205 ;
                      00206 ;     <Search the device datasheet for 'context' and copy interrupt
                      00207 ;     context saving code here.  Older devices need context saving code,
                      00208 ;     but newer devices like the 16F#### don't need context saving code.>
                      00209 ;
                      00210 ;     RETFIE
                      00211 ;
                      00212 ;----------------------------------PIC18's--------------------------------------
                      00213 ;
                      00214 ; ISRHV     CODE    0x0008
                      00215 ;     GOTO    HIGH_ISR
                      00216 ; ISRLV     CODE    0x0018
                      00217 ;     GOTO    LOW_ISR
                      00218 ;
                      00219 ; ISRH      CODE                     ; let linker place high ISR routine
                      00220 ; HIGH_ISR
                      00221  
                      00222 ; COMF marche_arret
                      00223 ; BTFSS marche_arret,0
                      00224 ; GOTO marche
                      00225 ; GOTO arret
                      00226  
                      00227 ; arret
MPASM 5.87                         EXO11.ASM   12-8-2021  8:26:13         PAGE  6


LOC  OBJECT CODE     LINE SOURCE TEXT
  VALUE

                      00228 ; MOVLW b'00000011'
                      00229 ; MOVWF T0CON
                      00230 ; 
                      00231 ; GOTO fin
                      00232 ; 
                      00233 ; marche
                      00234 ; 
                      00235 ; MOVLW b'10000011'
                      00236 ; MOVWF T0CON
                      00237 ; 
                      00238 ; fin
                      00239 ; BCF INTCON,1
                      00240 ;;     <Insert High Priority ISR Here - no SW context saving>
                      00241 ;     RETFIE  FAST
                      00242 ;;
                      00243 ;; ISRL      CODE                     ; let linker place low ISR routine
                      00244 ; LOW_ISR
                      00245 ;       <Search the device datasheet for 'context' and copy interrupt
                      00246 ;       context saving code here>
                      00247 ;     RETFIE
                      00248 ;
                      00249 ;*******************************************************************************
                      00250 
                      00251 ; TODO INSERT ISR HERE
                      00252 
                      00253 
                      00254 
                      00255 ;*******************************************************************************
                      00256 ; MAIN PROGRAM
                      00257 ;*******************************************************************************
                      00258 
                      00259 MAIN_PROG CODE                      ; let linker place main program
                      00260 
                      00261 ; TIMER
                      00262 ; MOVLW 0x0B
                      00263 ; MOVWF TMR0H
                      00264 ; MOVLW 0xDB
                      00265 ; MOVWF TMR0L
                      00266 ; BCF INTCON,2
                      00267 ; boucle3
                      00268 ; BTFSS INTCON,2
                      00269 ; GOTO boucle3
                      00270  
                      00271 ; RETURN
                      00272  
                      00273  
                      00274 ; routine
                      00275  
                      00276 ; MOVLW d'7'
                      00277 ; MOVFF WREG,var0
                      00278  
                      00279 ; boucle0
                      00280 ; MOVLW d'255'
MPASM 5.87                         EXO11.ASM   12-8-2021  8:26:13         PAGE  7


LOC  OBJECT CODE     LINE SOURCE TEXT
  VALUE

                      00281 ; MOVFF WREG,var1
                      00282  
                      00283 ; boucle1
                      00284 ; MOVLW d'255'
                      00285 ; MOVFF WREG,var2
                      00286  
                      00287 ; boucle2
                      00288 ; DECFSZ var2
                      00289 ; GOTO boucle2
                      00290 ; DECFSZ var1
                      00291 ; GOTO boucle1
                      00292 ; DECFSZ var0
                      00293 ; GOTO boucle0
                      00294 ; RETURN
                      00295  
                      00296 
                      00297  
Warning[207]: Found label after column 1. (START1)
000000                00298  START1
                      00299  
                      00300  ;MOVLW b'10000011'
                      00301  ;MOVWF T0CON
                      00302  
                      00303  ;MOVLW b'00000101'
                      00304  ;MOVWF INTCON2
                      00305  
                      00306  ;MOVLW b'10010000'
                      00307 ; MOVWF INTCON
                      00308  
                      00309  ;MOVLW b'01010111'
                      00310 ; MOVWF OSCCON
                      00311   
                      00312  ;MOVLW b'0000'
                      00313 ; MOVWF marche_arret
                      00314   
                      00315  ;partie3.11
000000 0E01           00316  MOVLW b'00000001'
000002 6E92           00317  MOVWF TRISA,0
                      00318  
000004 0E01           00319  MOVLW b'00000001'
000006 6E7E           00320  MOVWF ANSEL,0
                      00321  
000008 0E00           00322  MOVLW b'00000000'
00000A 6EC1           00323  MOVWF ADCON1,0
                      00324  
00000C 0E24           00325  MOVLW b'00100100'
00000E 6EC0           00326  MOVWF ADCON2,0
                      00327  
000010 0E01           00328  MOVLW b'00000001'
000012 6EC2           00329  MOVWF ADCON0,0
                      00330 
000014 0E00           00331  MOVLW 0
000016 6E95           00332  MOVWF TRISD,0
MPASM 5.87                         EXO11.ASM   12-8-2021  8:26:13         PAGE  8


LOC  OBJECT CODE     LINE SOURCE TEXT
  VALUE

Warning[203]: Found opcode in column 1. (BSF)
000018 808C           00333 BSF LATD,0
                      00334  
00001A                00335 boucle 
Warning[203]: Found opcode in column 1. (CLRF)
00001A 6A8C           00336 CLRF LATD
Warning[203]: Found opcode in column 1. (BSF)
00001C 82C2           00337 BSF ADCON0,GO
                      00338  
Warning[207]: Found label after column 1. (boucle4)
00001E                00339  boucle4
00001E B2C2           00340  BTFSC ADCON0,GO
000020 EF?? F???      00341  GOTO boucle4
                      00342   
Warning[203]: Found opcode in column 1. (MOVLW)
000024 0EFE           00343 MOVLW d'254'
Warning[203]: Found opcode in column 1. (CPFSLT)
000026 60C4           00344 CPFSLT ADRESH
Warning[203]: Found opcode in column 1. (BSF)
000028 8E8C           00345 BSF LATD,7
                      00346  
Warning[203]: Found opcode in column 1. (MOVLW)
00002A 0ECC           00347 MOVLW d'204'
Warning[203]: Found opcode in column 1. (CPFSLT)
00002C 60C4           00348 CPFSLT ADRESH
Warning[203]: Found opcode in column 1. (BSF)
00002E 8C8C           00349 BSF LATD,6
                      00350 
Warning[203]: Found opcode in column 1. (MOVLW)
000030 0EAA           00351 MOVLW d'170'
Warning[203]: Found opcode in column 1. (CPFSLT)
000032 60C4           00352 CPFSLT ADRESH
Warning[203]: Found opcode in column 1. (BSF)
000034 8A8C           00353 BSF LATD,5
                      00354 
Warning[203]: Found opcode in column 1. (MOVLW)
000036 0E78           00355 MOVLW d'120'
Warning[203]: Found opcode in column 1. (CPFSLT)
000038 60C4           00356 CPFSLT ADRESH
Warning[203]: Found opcode in column 1. (BSF)
00003A 888C           00357 BSF LATD,4
                      00358  
Warning[203]: Found opcode in column 1. (MOVLW)
00003C 0E3C           00359 MOVLW d'60'
Warning[203]: Found opcode in column 1. (CPFSLT)
00003E 60C4           00360 CPFSLT ADRESH
Warning[203]: Found opcode in column 1. (BSF)
000040 868C           00361 BSF LATD,3
                      00362 
Warning[203]: Found opcode in column 1. (MOVLW)
000042 0E28           00363 MOVLW d'40'
Warning[203]: Found opcode in column 1. (CPFSLT)
000044 60C4           00364 CPFSLT ADRESH
MPASM 5.87                         EXO11.ASM   12-8-2021  8:26:13         PAGE  9


LOC  OBJECT CODE     LINE SOURCE TEXT
  VALUE

Warning[203]: Found opcode in column 1. (BSF)
000046 848C           00365 BSF LATD,2
                      00366  
Warning[203]: Found opcode in column 1. (MOVLW)
000048 0E1F           00367 MOVLW d'31'
Warning[203]: Found opcode in column 1. (CPFSLT)
00004A 60C4           00368 CPFSLT ADRESH
Warning[203]: Found opcode in column 1. (BSF)
00004C 828C           00369 BSF LATD,1
                      00370  
Warning[203]: Found opcode in column 1. (MOVLW)
00004E 0E10           00371 MOVLW d'16'
Warning[203]: Found opcode in column 1. (CPFSLT)
000050 60C4           00372 CPFSLT ADRESH
Warning[203]: Found opcode in column 1. (BSF)
000052 808C           00373 BSF LATD,0
                      00374 
000054 EF?? F???      00375  GOTO boucle
                      00376  
                      00377  END
MPASM 5.87                         EXO11.ASM   12-8-2021  8:26:13         PAGE 10


SYMBOL TABLE
  LABEL                             VALUE 

A                                 00000000
ABDEN                             00000000
ABDOVF                            00000007
ACCESS                            00000000
ACKDT                             00000005
ACKEN                             00000004
ACKSTAT                           00000006
ACQT0                             00000003
ACQT1                             00000004
ACQT2                             00000005
ADCON0                            00000FC2
ADCON1                            00000FC1
ADCON2                            00000FC0
ADCS0                             00000000
ADCS1                             00000001
ADCS2                             00000002
ADDEN                             00000003
ADEN                              00000003
ADFM                              00000007
ADIE                              00000006
ADIF                              00000006
ADIP                              00000006
ADON                              00000000
ADRES                             00000FC3
ADRESH                            00000FC4
ADRESL                            00000FC3
AN0                               00000000
AN1                               00000001
AN10                              00000001
AN11                              00000004
AN12                              00000000
AN2                               00000002
AN3                               00000003
AN4                               00000005
AN5                               00000000
AN6                               00000001
AN7                               00000002
AN8                               00000002
AN9                               00000003
ANS0                              00000000
ANS1                              00000001
ANS10                             00000002
ANS11                             00000003
ANS12                             00000004
ANS2                              00000002
ANS3                              00000003
ANS4                              00000004
ANS5                              00000005
ANS6                              00000006
ANS7                              00000007
ANS8                              00000000
ANS9                              00000001
ANSEL                             00000F7E
MPASM 5.87                         EXO11.ASM   12-8-2021  8:26:13         PAGE 11


SYMBOL TABLE
  LABEL                             VALUE 

ANSELH                            00000F7F
BANKED                            00000001
BAUDCON                           00000FB8
BAUDCTL                           00000FB8
BCLIE                             00000003
BCLIF                             00000003
BCLIP                             00000003
BF                                00000000
BGST                              00000005
BOR                               00000000
BRG16                             00000003
BRGH                              00000002
BSR                               00000FE0
C                                 00000000
C12IN0M                           00000000
C12IN0N                           00000000
C12IN1M                           00000001
C12IN1N                           00000001
C12IN2M                           00000003
C12IN2N                           00000003
C12IN3M                           00000001
C12IN3N                           00000001
C1CH0                             00000000
C1CH1                             00000001
C1IE                              00000006
C1IF                              00000006
C1INP                             00000003
C1IP                              00000006
C1OE                              00000005
C1ON                              00000007
C1OUT_CM1CON0                     00000006
C1OUT_PORTA                       00000004
C1POL                             00000004
C1R                               00000002
C1RSEL                            00000005
C1SP                              00000003
C2CH0                             00000000
C2CH1                             00000001
C2IE                              00000005
C2IF                              00000005
C2INP                             00000002
C2IP                              00000005
C2OE                              00000005
C2ON                              00000007
C2OUT_CM2CON0                     00000006
C2OUT_PORTA                       00000005
C2POL                             00000004
C2R                               00000002
C2RSEL                            00000004
C2SP                              00000003
CCP1                              00000002
CCP1CON                           00000FBD
CCP1IE                            00000002
MPASM 5.87                         EXO11.ASM   12-8-2021  8:26:13         PAGE 12


SYMBOL TABLE
  LABEL                             VALUE 

CCP1IF                            00000002
CCP1IP                            00000002
CCP1M0                            00000000
CCP1M1                            00000001
CCP1M2                            00000002
CCP1M3                            00000003
CCP2CON                           00000FBA
CCP2IE                            00000000
CCP2IF                            00000000
CCP2IP                            00000000
CCP2M0                            00000000
CCP2M1                            00000001
CCP2M2                            00000002
CCP2M3                            00000003
CCP2_PORTB                        00000003
CCP2_PORTC                        00000001
CCPR1                             00000FBE
CCPR1H                            00000FBF
CCPR1L                            00000FBE
CCPR2                             00000FBB
CCPR2H                            00000FBC
CCPR2L                            00000FBB
CFGS                              00000006
CHS0                              00000002
CHS1                              00000003
CHS2                              00000004
CHS3                              00000005
CK                                00000006
CKE                               00000006
CKP                               00000004
CKTXP                             00000004
CM1CON0                           00000F7B
CM2CON0                           00000F7A
CM2CON1                           00000F79
CREN                              00000004
CS                                00000002
CSRC                              00000007
CVR0                              00000000
CVR1                              00000001
CVR2                              00000002
CVR3                              00000003
CVRCON                            00000FB5
CVRCON2                           00000FB4
CVREF                             00000002
CVREN                             00000007
CVROE                             00000006
CVRR                              00000005
CVRSS                             00000004
D                                 00000005
DC                                00000001
DC1B0                             00000004
DC1B1                             00000005
DC2B0                             00000004
MPASM 5.87                         EXO11.ASM   12-8-2021  8:26:13         PAGE 13


SYMBOL TABLE
  LABEL                             VALUE 

DC2B1                             00000005
DDRA                              TRISA
DDRB                              TRISB
DDRC                              TRISC
DDRD                              TRISD
DDRE                              TRISE
DONE                              00000001
DTRXP                             00000005
D_A                               00000005
D_NOT_A                           00000005
ECCP1AS                           00000FB6
ECCPAS0                           00000004
ECCPAS1                           00000005
ECCPAS2                           00000006
ECCPASE                           00000007
EEADR                             00000FA9
EEADR0                            00000000
EEADR1                            00000001
EEADR2                            00000002
EEADR3                            00000003
EEADR4                            00000004
EEADR5                            00000005
EEADR6                            00000006
EEADR7                            00000007
EECON1                            00000FA6
EECON2                            00000FA7
EEDATA                            00000FA8
EEIE                              00000004
EEIF                              00000004
EEIP                              00000004
EEPGD                             00000007
FAST                              00000001
FERR                              00000002
FLT0                              00000000
FREE                              00000004
FSR0                              00000000
FSR0H                             00000FEA
FSR0L                             00000FE9
FSR1                              00000001
FSR1H                             00000FE2
FSR1L                             00000FE1
FSR2                              00000002
FSR2H                             00000FDA
FSR2L                             00000FD9
FVREN                             00000007
FVRST                             00000006
GCEN                              00000007
GIE                               00000007
GIEH                              00000007
GIEL                              00000006
GIE_GIEH                          00000007
GO                                00000001
GO_DONE                           00000001
MPASM 5.87                         EXO11.ASM   12-8-2021  8:26:13         PAGE 14


SYMBOL TABLE
  LABEL                             VALUE 

GO_NOT_DONE                       00000001
HLVDCON                           00000FD2
HLVDEN                            00000004
HLVDIE                            00000002
HLVDIF                            00000002
HLVDIN                            00000005
HLVDIP                            00000002
HLVDL0                            00000000
HLVDL1                            00000001
HLVDL2                            00000002
HLVDL3                            00000003
IBF                               00000007
IBOV                              00000005
IDLEN                             00000007
INDF0                             00000FEF
INDF1                             00000FE7
INDF2                             00000FDF
INT0                              00000000
INT0E                             00000004
INT0F                             00000001
INT0IE                            00000004
INT0IF                            00000001
INT1                              00000001
INT1E                             00000003
INT1F                             00000000
INT1IE                            00000003
INT1IF                            00000000
INT1IP                            00000006
INT1P                             00000006
INT2                              00000002
INT2E                             00000004
INT2F                             00000001
INT2IE                            00000004
INT2IF                            00000001
INT2IP                            00000007
INT2P                             00000007
INTCON                            00000FF2
INTCON2                           00000FF1
INTCON3                           00000FF0
INTEDG0                           00000006
INTEDG1                           00000005
INTEDG2                           00000004
INTSRC                            00000007
IOCB                              00000F7D
IOCB4                             00000004
IOCB5                             00000005
IOCB6                             00000006
IOCB7                             00000007
IOFS                              00000002
IPEN                              00000007
IPR1                              00000F9F
IPR2                              00000FA2
IRCF0                             00000004
MPASM 5.87                         EXO11.ASM   12-8-2021  8:26:13         PAGE 15


SYMBOL TABLE
  LABEL                             VALUE 

IRCF1                             00000005
IRCF2                             00000006
IRVST                             00000005
IVRST                             00000005
KBI0                              00000004
KBI1                              00000005
KBI2                              00000006
KBI3                              00000007
LATA                              00000F89
LATA0                             00000000
LATA1                             00000001
LATA2                             00000002
LATA3                             00000003
LATA4                             00000004
LATA5                             00000005
LATA6                             00000006
LATA7                             00000007
LATB                              00000F8A
LATB0                             00000000
LATB1                             00000001
LATB2                             00000002
LATB3                             00000003
LATB4                             00000004
LATB5                             00000005
LATB6                             00000006
LATB7                             00000007
LATC                              00000F8B
LATC0                             00000000
LATC1                             00000001
LATC2                             00000002
LATC3                             00000003
LATC4                             00000004
LATC5                             00000005
LATC6                             00000006
LATC7                             00000007
LATD                              00000F8C
LATD0                             00000000
LATD1                             00000001
LATD2                             00000002
LATD3                             00000003
LATD4                             00000004
LATD5                             00000005
LATD6                             00000006
LATD7                             00000007
LATE                              00000F8D
LATE0                             00000000
LATE1                             00000001
LATE2                             00000002
LVDCON                            00000FD2
LVDEN                             00000004
LVDIE                             00000002
LVDIF                             00000002
LVDIN                             00000005
MPASM 5.87                         EXO11.ASM   12-8-2021  8:26:13         PAGE 16


SYMBOL TABLE
  LABEL                             VALUE 

LVDIP                             00000002
LVDL0                             00000000
LVDL1                             00000001
LVDL2                             00000002
LVDL3                             00000003
LVV0                              00000000
LVV1                              00000001
LVV2                              00000002
LVV3                              00000003
MC1OUT                            00000007
MC2OUT                            00000006
MCLR                              00000003
MSK0                              00000000
MSK1                              00000001
MSK2                              00000002
MSK3                              00000003
MSK4                              00000004
MSK5                              00000005
MSK6                              00000006
MSK7                              00000007
N                                 00000004
NOT_A                             00000005
NOT_ADDRESS                       00000005
NOT_BOR                           00000000
NOT_CS                            00000002
NOT_DONE                          00000001
NOT_MCLR                          00000003
NOT_PD                            00000002
NOT_POR                           00000001
NOT_RBPU                          00000007
NOT_RD                            00000000
NOT_RI                            00000004
NOT_SS                            00000005
NOT_T1SYNC                        00000002
NOT_T3SYNC                        00000002
NOT_TO                            00000003
NOT_W                             00000002
NOT_WR                            00000001
NOT_WRITE                         00000002
OBF                               00000006
OERR                              00000001
OSCCON                            00000FD3
OSCFIE                            00000007
OSCFIF                            00000007
OSCFIP                            00000007
OSCTUNE                           00000F9B
OSTS                              00000003
OV                                00000003
P                                 00000004
P1A                               00000002
P1B                               00000005
P1C                               00000006
P1D                               00000007
MPASM 5.87                         EXO11.ASM   12-8-2021  8:26:13         PAGE 17


SYMBOL TABLE
  LABEL                             VALUE 

P1M0                              00000006
P1M1                              00000007
PC                                00000FF9
PCL                               00000FF9
PCLATH                            00000FFA
PCLATU                            00000FFB
PD                                00000002
PDC0                              00000000
PDC1                              00000001
PDC2                              00000002
PDC3                              00000003
PDC4                              00000004
PDC5                              00000005
PDC6                              00000006
PEIE                              00000006
PEIE_GIEL                         00000006
PEN                               00000002
PGC                               00000006
PGD                               00000007
PGM                               00000005
PIE1                              00000F9D
PIE2                              00000FA0
PIR1                              00000F9E
PIR2                              00000FA1
PLLEN                             00000006
PLUSW0                            00000FEB
PLUSW1                            00000FE3
PLUSW2                            00000FDB
POR                               00000001
PORTA                             00000F80
PORTB                             00000F81
PORTC                             00000F82
PORTD                             00000F83
PORTE                             00000F84
POSTDEC0                          00000FED
POSTDEC1                          00000FE5
POSTDEC2                          00000FDD
POSTINC0                          00000FEE
POSTINC1                          00000FE6
POSTINC2                          00000FDE
PR2                               00000FCB
PREINC0                           00000FEC
PREINC1                           00000FE4
PREINC2                           00000FDC
PROD                              00000FF3
PRODH                             00000FF4
PRODL                             00000FF3
PRSEN                             00000007
PSA                               00000003
PSP0                              00000000
PSP1                              00000001
PSP2                              00000002
PSP3                              00000003
MPASM 5.87                         EXO11.ASM   12-8-2021  8:26:13         PAGE 18


SYMBOL TABLE
  LABEL                             VALUE 

PSP4                              00000004
PSP5                              00000005
PSP6                              00000006
PSP7                              00000007
PSPIE                             00000007
PSPIF                             00000007
PSPIP                             00000007
PSPMODE                           00000004
PSSAC0                            00000002
PSSAC1                            00000003
PSSBD0                            00000000
PSSBD1                            00000001
PSTRCON                           00000FB9
PWM1CON                           00000FB7
R                                 00000002
RA0                               00000000
RA1                               00000001
RA2                               00000002
RA3                               00000003
RA4                               00000004
RA5                               00000005
RA6                               00000006
RA7                               00000007
RB0                               00000000
RB1                               00000001
RB2                               00000002
RB3                               00000003
RB4                               00000004
RB5                               00000005
RB6                               00000006
RB7                               00000007
RBIE                              00000003
RBIF                              00000000
RBIP                              00000000
RBPU                              00000007
RC0                               00000000
RC1                               00000001
RC2                               00000002
RC3                               00000003
RC4                               00000004
RC5                               00000005
RC6                               00000006
RC7                               00000007
RCEN                              00000003
RCIDL                             00000006
RCIE                              00000005
RCIF                              00000005
RCIP                              00000005
RCON                              00000FD0
RCREG                             00000FAE
RCSTA                             00000FAB
RD                                00000000
RD0                               00000000
MPASM 5.87                         EXO11.ASM   12-8-2021  8:26:13         PAGE 19


SYMBOL TABLE
  LABEL                             VALUE 

RD1                               00000001
RD16                              00000007
RD2                               00000002
RD3                               00000003
RD4                               00000004
RD5                               00000005
RD6                               00000006
RD7                               00000007
RE0                               00000000
RE1                               00000001
RE2                               00000002
RE3                               00000003
RESULTHI                          00000003
RESULTLO                          00000004
RI                                00000004
RSEN                              00000001
RX                                00000007
RX9                               00000006
RX9D                              00000000
R_NOT_W                           00000002
R_W                               00000002
S                                 00000003
SBOREN                            00000006
SCK                               00000003
SCKP                              00000004
SCL                               00000003
SCS0                              00000000
SCS1                              00000001
SDA                               00000004
SDI                               00000004
SDO                               00000005
SEN                               00000000
SENDB                             00000003
SLRA                              00000000
SLRB                              00000001
SLRC                              00000002
SLRCON                            00000F78
SLRD                              00000003
SLRE                              00000004
SMP                               00000007
SP0                               00000000
SP1                               00000001
SP2                               00000002
SP3                               00000003
SP4                               00000004
SPBRG                             00000FAF
SPBRGH                            00000FB0
SPEN                              00000007
SREN                              00000005
SS                                00000005
SSPADD                            00000FC8
SSPBUF                            00000FC9
SSPCON1                           00000FC6
MPASM 5.87                         EXO11.ASM   12-8-2021  8:26:13         PAGE 20


SYMBOL TABLE
  LABEL                             VALUE 

SSPCON2                           00000FC5
SSPEN                             00000005
SSPIE                             00000003
SSPIF                             00000003
SSPIP                             00000003
SSPM0                             00000000
SSPM1                             00000001
SSPM2                             00000002
SSPM3                             00000003
SSPMSK                            00000F77
SSPOV                             00000006
SSPSTAT                           00000FC7
START                             00000003
START1                            00000000
STATUS                            00000FD8
STKFUL                            00000007
STKOVF                            00000007
STKPTR                            00000FFC
STKUNF                            00000006
STOP                              00000004
STRA                              00000000
STRB                              00000001
STRC                              00000002
STRD                              00000003
STRSYNC                           00000004
SWDTE                             00000000
SWDTEN                            00000000
SYNC                              00000004
T08BIT                            00000006
T0CKI                             00000004
T0CON                             00000FD5
T0CS                              00000005
T0IE                              00000005
T0IF                              00000002
T0PS0                             00000000
T0PS1                             00000001
T0PS2                             00000002
T0SE                              00000004
T13CKI                            00000000
T1CKI                             00000000
T1CKPS0                           00000004
T1CKPS1                           00000005
T1CON                             00000FCD
T1OSCEN                           00000003
T1OSI                             00000001
T1OSO                             00000000
T1RUN                             00000006
T1SYNC                            00000002
T2CKPS0                           00000000
T2CKPS1                           00000001
T2CON                             00000FCA
T2OUTPS0                          00000003
T2OUTPS1                          00000004
MPASM 5.87                         EXO11.ASM   12-8-2021  8:26:13         PAGE 21


SYMBOL TABLE
  LABEL                             VALUE 

T2OUTPS2                          00000005
T2OUTPS3                          00000006
T3CCP1                            00000003
T3CCP2                            00000006
T3CKI                             00000000
T3CKPS0                           00000004
T3CKPS1                           00000005
T3CON                             00000FB1
T3SYNC                            00000002
TABLAT                            00000FF5
TBLPTR                            00000FF6
TBLPTRH                           00000FF7
TBLPTRL                           00000FF6
TBLPTRU                           00000FF8
TMR0                              00000FD6
TMR0H                             00000FD7
TMR0IE                            00000005
TMR0IF                            00000002
TMR0IP                            00000002
TMR0L                             00000FD6
TMR0ON                            00000007
TMR1                              00000FCE
TMR1CS                            00000001
TMR1H                             00000FCF
TMR1IE                            00000000
TMR1IF                            00000000
TMR1IP                            00000000
TMR1L                             00000FCE
TMR1ON                            00000000
TMR2                              00000FCC
TMR2IE                            00000001
TMR2IF                            00000001
TMR2IP                            00000001
TMR2ON                            00000002
TMR3                              00000FB2
TMR3CS                            00000001
TMR3H                             00000FB3
TMR3IE                            00000001
TMR3IF                            00000001
TMR3IP                            00000001
TMR3L                             00000FB2
TMR3ON                            00000000
TO                                00000003
TOS                               00000FFD
TOSH                              00000FFE
TOSL                              00000FFD
TOSU                              00000FFF
TRISA                             00000F92
TRISA0                            00000000
TRISA1                            00000001
TRISA2                            00000002
TRISA3                            00000003
TRISA4                            00000004
MPASM 5.87                         EXO11.ASM   12-8-2021  8:26:13         PAGE 22


SYMBOL TABLE
  LABEL                             VALUE 

TRISA5                            00000005
TRISA6                            00000006
TRISA7                            00000007
TRISB                             00000F93
TRISB0                            00000000
TRISB1                            00000001
TRISB2                            00000002
TRISB3                            00000003
TRISB4                            00000004
TRISB5                            00000005
TRISB6                            00000006
TRISB7                            00000007
TRISC                             00000F94
TRISC0                            00000000
TRISC1                            00000001
TRISC2                            00000002
TRISC3                            00000003
TRISC4                            00000004
TRISC5                            00000005
TRISC6                            00000006
TRISC7                            00000007
TRISD                             00000F95
TRISD0                            00000000
TRISD1                            00000001
TRISD2                            00000002
TRISD3                            00000003
TRISD4                            00000004
TRISD5                            00000005
TRISD6                            00000006
TRISD7                            00000007
TRISE                             00000F96
TRISE0                            00000000
TRISE1                            00000001
TRISE2                            00000002
TRMT                              00000001
TUN0                              00000000
TUN1                              00000001
TUN2                              00000002
TUN3                              00000003
TUN4                              00000004
TUN5                              00000005
TX                                00000006
TX9                               00000006
TX9D                              00000000
TXEN                              00000005
TXIE                              00000004
TXIF                              00000004
TXIP                              00000004
TXREG                             00000FAD
TXSTA                             00000FAC
UA                                00000001
VCFG0                             00000004
VCFG1                             00000005
MPASM 5.87                         EXO11.ASM   12-8-2021  8:26:13         PAGE 23


SYMBOL TABLE
  LABEL                             VALUE 

VDIRMAG                           00000007
VPP                               00000003
VREFM                             00000002
VREFN                             00000002
VREFP                             00000003
W                                 00000000
WCOL                              00000007
WDTCON                            00000FD1
WPUB                              00000F7C
WPUB0                             00000000
WPUB1                             00000001
WPUB2                             00000002
WPUB3                             00000003
WPUB4                             00000004
WPUB5                             00000005
WPUB6                             00000006
WPUB7                             00000007
WR                                00000001
WREG                              00000FE8
WREN                              00000002
WRERR                             00000003
WUE                               00000001
Z                                 00000002
_BOREN_NOSLP_2L                   000000FD
_BOREN_OFF_2L                     000000F9
_BOREN_ON_2L                      000000FB
_BOREN_SBORDIS_2L                 000000FF
_BORV_18_2L                       000000FF
_BORV_22_2L                       000000F7
_BORV_27_2L                       000000EF
_BORV_30_2L                       000000E7
_CCP2MX_PORTBE_3H                 000000FE
_CCP2MX_PORTC_3H                  000000FF
_CONFIG1H                         00300001
_CONFIG2H                         00300003
_CONFIG2L                         00300002
_CONFIG3H                         00300005
_CONFIG4L                         00300006
_CONFIG5H                         00300009
_CONFIG5L                         00300008
_CONFIG6H                         0030000B
_CONFIG6L                         0030000A
_CONFIG7H                         0030000D
_CONFIG7L                         0030000C
_CP0_OFF_5L                       000000FF
_CP0_ON_5L                        000000FE
_CP1_OFF_5L                       000000FF
_CP1_ON_5L                        000000FD
_CP2_OFF_5L                       000000FF
_CP2_ON_5L                        000000FB
_CP3_OFF_5L                       000000FF
_CP3_ON_5L                        000000F7
_CPB_OFF_5H                       000000FF
MPASM 5.87                         EXO11.ASM   12-8-2021  8:26:13         PAGE 24


SYMBOL TABLE
  LABEL                             VALUE 

_CPB_ON_5H                        000000BF
_CPD_OFF_5H                       000000FF
_CPD_ON_5H                        0000007F
_DEBUG_OFF_4L                     000000FF
_DEBUG_ON_4L                      0000007F
_DEVID1                           003FFFFE
_DEVID2                           003FFFFF
_EBTR0_OFF_7L                     000000FF
_EBTR0_ON_7L                      000000FE
_EBTR1_OFF_7L                     000000FF
_EBTR1_ON_7L                      000000FD
_EBTR2_OFF_7L                     000000FF
_EBTR2_ON_7L                      000000FB
_EBTR3_OFF_7L                     000000FF
_EBTR3_ON_7L                      000000F7
_EBTRB_OFF_7H                     000000FF
_EBTRB_ON_7H                      000000BF
_FCMEN_OFF_1H                     000000BF
_FCMEN_ON_1H                      000000FF
_FOSC_ECIO6_1H                    000000F5
_FOSC_EC_1H                       000000F4
_FOSC_HSPLL_1H                    000000F6
_FOSC_HS_1H                       000000F2
_FOSC_INTIO67_1H                  000000F8
_FOSC_INTIO7_1H                   000000F9
_FOSC_LP_1H                       000000F0
_FOSC_RCIO6_1H                    000000F7
_FOSC_RC_1H                       000000F3
_FOSC_XT_1H                       000000F1
_HFOFST_OFF_3H                    000000F7
_HFOFST_ON_3H                     000000FF
_IDLOC0                           00200000
_IDLOC1                           00200001
_IDLOC2                           00200002
_IDLOC3                           00200003
_IDLOC4                           00200004
_IDLOC5                           00200005
_IDLOC6                           00200006
_IDLOC7                           00200007
_IESO_OFF_1H                      0000007F
_IESO_ON_1H                       000000FF
_LPT1OSC_OFF_3H                   000000FB
_LPT1OSC_ON_3H                    000000FF
_LVP_OFF_4L                       000000FB
_LVP_ON_4L                        000000FF
_MCLRE_OFF_3H                     0000007F
_MCLRE_ON_3H                      000000FF
_PBADEN_OFF_3H                    000000FD
_PBADEN_ON_3H                     000000FF
_PWRT_OFF_2L                      000000FF
_PWRT_ON_2L                       000000FE
_STVREN_OFF_4L                    000000FE
_STVREN_ON_4L                     000000FF
MPASM 5.87                         EXO11.ASM   12-8-2021  8:26:13         PAGE 25


SYMBOL TABLE
  LABEL                             VALUE 

_WDTEN_OFF_2H                     000000FE
_WDTEN_ON_2H                      000000FF
_WDTPS_1024_2H                    000000F5
_WDTPS_128_2H                     000000EF
_WDTPS_16384_2H                   000000FD
_WDTPS_16_2H                      000000E9
_WDTPS_1_2H                       000000E1
_WDTPS_2048_2H                    000000F7
_WDTPS_256_2H                     000000F1
_WDTPS_2_2H                       000000E3
_WDTPS_32768_2H                   000000FF
_WDTPS_32_2H                      000000EB
_WDTPS_4096_2H                    000000F9
_WDTPS_4_2H                       000000E5
_WDTPS_512_2H                     000000F3
_WDTPS_64_2H                      000000ED
_WDTPS_8192_2H                    000000FB
_WDTPS_8_2H                       000000E7
_WRT0_OFF_6L                      000000FF
_WRT0_ON_6L                       000000FE
_WRT1_OFF_6L                      000000FF
_WRT1_ON_6L                       000000FD
_WRT2_OFF_6L                      000000FF
_WRT2_ON_6L                       000000FB
_WRT3_OFF_6L                      000000FF
_WRT3_ON_6L                       000000F7
_WRTB_OFF_6H                      000000FF
_WRTB_ON_6H                       000000BF
_WRTC_OFF_6H                      000000FF
_WRTC_ON_6H                       000000DF
_WRTD_OFF_6H                      000000FF
_WRTD_ON_6H                       0000007F
_XINST_OFF_4L                     000000BF
_XINST_ON_4L                      000000FF
__18F45K20                        00000001
__DEBUG                           
__MPLAB_DEBUGGER_PK3              1
boucle                            0000001A
boucle4                           0000001E
marche_arret                      00000000
var0                              00000000
var1                              00000001
var2                              00000002

Errors   :     0
Warnings :    36 reported,     0 suppressed
Messages :     0 reported,     0 suppressed

