Warning[207] C:\USERS\PIERRE\DOCUMENTS\ISEN\CIR3\ELECTRONIQUE\TP\TP1_ELEC.X\EXO11.ASM 165 : Found label after column 1. (var0)
Warning[207] C:\USERS\PIERRE\DOCUMENTS\ISEN\CIR3\ELECTRONIQUE\TP\TP1_ELEC.X\EXO11.ASM 166 : Found label after column 1. (var1)
Warning[207] C:\USERS\PIERRE\DOCUMENTS\ISEN\CIR3\ELECTRONIQUE\TP\TP1_ELEC.X\EXO11.ASM 167 : Found label after column 1. (var2)
Warning[207] C:\USERS\PIERRE\DOCUMENTS\ISEN\CIR3\ELECTRONIQUE\TP\TP1_ELEC.X\EXO11.ASM 168 : Found label after column 1. (RESULTHI)
Warning[207] C:\USERS\PIERRE\DOCUMENTS\ISEN\CIR3\ELECTRONIQUE\TP\TP1_ELEC.X\EXO11.ASM 169 : Found label after column 1. (RESULTLO)
Warning[207] C:\USERS\PIERRE\DOCUMENTS\ISEN\CIR3\ELECTRONIQUE\TP\TP1_ELEC.X\EXO11.ASM 174 : Found label after column 1. (INT_VAR)
Warning[207] C:\USERS\PIERRE\DOCUMENTS\ISEN\CIR3\ELECTRONIQUE\TP\TP1_ELEC.X\EXO11.ASM 175 : Found label after column 1. (marche_arret)
Warning[207] C:\USERS\PIERRE\DOCUMENTS\ISEN\CIR3\ELECTRONIQUE\TP\TP1_ELEC.X\EXO11.ASM 298 : Found label after column 1. (START1)
Warning[203] C:\USERS\PIERRE\DOCUMENTS\ISEN\CIR3\ELECTRONIQUE\TP\TP1_ELEC.X\EXO11.ASM 333 : Found opcode in column 1. (BSF)
Warning[203] C:\USERS\PIERRE\DOCUMENTS\ISEN\CIR3\ELECTRONIQUE\TP\TP1_ELEC.X\EXO11.ASM 336 : Found opcode in column 1. (CLRF)
Warning[203] C:\USERS\PIERRE\DOCUMENTS\ISEN\CIR3\ELECTRONIQUE\TP\TP1_ELEC.X\EXO11.ASM 337 : Found opcode in column 1. (BSF)
Warning[207] C:\USERS\PIERRE\DOCUMENTS\ISEN\CIR3\ELECTRONIQUE\TP\TP1_ELEC.X\EXO11.ASM 339 : Found label after column 1. (boucle4)
Warning[203] C:\USERS\PIERRE\DOCUMENTS\ISEN\CIR3\ELECTRONIQUE\TP\TP1_ELEC.X\EXO11.ASM 343 : Found opcode in column 1. (MOVLW)
Warning[203] C:\USERS\PIERRE\DOCUMENTS\ISEN\CIR3\ELECTRONIQUE\TP\TP1_ELEC.X\EXO11.ASM 344 : Found opcode in column 1. (CPFSLT)
Warning[203] C:\USERS\PIERRE\DOCUMENTS\ISEN\CIR3\ELECTRONIQUE\TP\TP1_ELEC.X\EXO11.ASM 345 : Found opcode in column 1. (BSF)
Warning[203] C:\USERS\PIERRE\DOCUMENTS\ISEN\CIR3\ELECTRONIQUE\TP\TP1_ELEC.X\EXO11.ASM 347 : Found opcode in column 1. (MOVLW)
Warning[203] C:\USERS\PIERRE\DOCUMENTS\ISEN\CIR3\ELECTRONIQUE\TP\TP1_ELEC.X\EXO11.ASM 348 : Found opcode in column 1. (CPFSLT)
Warning[203] C:\USERS\PIERRE\DOCUMENTS\ISEN\CIR3\ELECTRONIQUE\TP\TP1_ELEC.X\EXO11.ASM 349 : Found opcode in column 1. (BSF)
Warning[203] C:\USERS\PIERRE\DOCUMENTS\ISEN\CIR3\ELECTRONIQUE\TP\TP1_ELEC.X\EXO11.ASM 351 : Found opcode in column 1. (MOVLW)
Warning[203] C:\USERS\PIERRE\DOCUMENTS\ISEN\CIR3\ELECTRONIQUE\TP\TP1_ELEC.X\EXO11.ASM 352 : Found opcode in column 1. (CPFSLT)
Warning[203] C:\USERS\PIERRE\DOCUMENTS\ISEN\CIR3\ELECTRONIQUE\TP\TP1_ELEC.X\EXO11.ASM 353 : Found opcode in column 1. (BSF)
Warning[203] C:\USERS\PIERRE\DOCUMENTS\ISEN\CIR3\ELECTRONIQUE\TP\TP1_ELEC.X\EXO11.ASM 355 : Found opcode in column 1. (MOVLW)
Warning[203] C:\USERS\PIERRE\DOCUMENTS\ISEN\CIR3\ELECTRONIQUE\TP\TP1_ELEC.X\EXO11.ASM 356 : Found opcode in column 1. (CPFSLT)
Warning[203] C:\USERS\PIERRE\DOCUMENTS\ISEN\CIR3\ELECTRONIQUE\TP\TP1_ELEC.X\EXO11.ASM 357 : Found opcode in column 1. (BSF)
Warning[203] C:\USERS\PIERRE\DOCUMENTS\ISEN\CIR3\ELECTRONIQUE\TP\TP1_ELEC.X\EXO11.ASM 359 : Found opcode in column 1. (MOVLW)
Warning[203] C:\USERS\PIERRE\DOCUMENTS\ISEN\CIR3\ELECTRONIQUE\TP\TP1_ELEC.X\EXO11.ASM 360 : Found opcode in column 1. (CPFSLT)
Warning[203] C:\USERS\PIERRE\DOCUMENTS\ISEN\CIR3\ELECTRONIQUE\TP\TP1_ELEC.X\EXO11.ASM 361 : Found opcode in column 1. (BSF)
Warning[203] C:\USERS\PIERRE\DOCUMENTS\ISEN\CIR3\ELECTRONIQUE\TP\TP1_ELEC.X\EXO11.ASM 363 : Found opcode in column 1. (MOVLW)
Warning[203] C:\USERS\PIERRE\DOCUMENTS\ISEN\CIR3\ELECTRONIQUE\TP\TP1_ELEC.X\EXO11.ASM 364 : Found opcode in column 1. (CPFSLT)
Warning[203] C:\USERS\PIERRE\DOCUMENTS\ISEN\CIR3\ELECTRONIQUE\TP\TP1_ELEC.X\EXO11.ASM 365 : Found opcode in column 1. (BSF)
Warning[203] C:\USERS\PIERRE\DOCUMENTS\ISEN\CIR3\ELECTRONIQUE\TP\TP1_ELEC.X\EXO11.ASM 367 : Found opcode in column 1. (MOVLW)
Warning[203] C:\USERS\PIERRE\DOCUMENTS\ISEN\CIR3\ELECTRONIQUE\TP\TP1_ELEC.X\EXO11.ASM 368 : Found opcode in column 1. (CPFSLT)
Warning[203] C:\USERS\PIERRE\DOCUMENTS\ISEN\CIR3\ELECTRONIQUE\TP\TP1_ELEC.X\EXO11.ASM 369 : Found opcode in column 1. (BSF)
Warning[203] C:\USERS\PIERRE\DOCUMENTS\ISEN\CIR3\ELECTRONIQUE\TP\TP1_ELEC.X\EXO11.ASM 371 : Found opcode in column 1. (MOVLW)
Warning[203] C:\USERS\PIERRE\DOCUMENTS\ISEN\CIR3\ELECTRONIQUE\TP\TP1_ELEC.X\EXO11.ASM 372 : Found opcode in column 1. (CPFSLT)
Warning[203] C:\USERS\PIERRE\DOCUMENTS\ISEN\CIR3\ELECTRONIQUE\TP\TP1_ELEC.X\EXO11.ASM 373 : Found opcode in column 1. (BSF)
